12:46:23.989 [AWT-EventQueue-0] INFO  c.b.actions.EnableBrowserStack - Setting enable browserstack run update
12:46:24.004 [AWT-EventQueue-0] INFO  c.b.actions.DisableBrowserStack - Setting disable browserstack run update
12:47:35.355 [ApplicationImpl pooled thread 167] INFO  c.b.l.BrowserStackRunExtension - testng
12:47:35.355 [ApplicationImpl pooled thread 167] INFO  com.browserstack.utils.Helpers - null
12:47:35.355 [ApplicationImpl pooled thread 167] INFO  c.b.l.BrowserStackRunExtension - Agent path: null
12:48:18.559 [ApplicationImpl pooled thread 179] INFO  c.b.l.BrowserStackRunExtension - testng
12:48:18.559 [ApplicationImpl pooled thread 179] INFO  com.browserstack.utils.Helpers - null
12:48:18.559 [ApplicationImpl pooled thread 179] INFO  c.b.l.BrowserStackRunExtension - Agent path: null
12:51:36.095 [ApplicationImpl pooled thread 178] INFO  c.b.l.BrowserStackRunExtension - testng
12:51:36.095 [ApplicationImpl pooled thread 178] INFO  com.browserstack.utils.Helpers - null
12:51:36.097 [ApplicationImpl pooled thread 178] INFO  c.b.l.BrowserStackRunExtension - Agent path: null
13:01:40.309 [ApplicationImpl pooled thread 196] INFO  c.b.l.BrowserStackRunExtension - testng
13:01:40.309 [ApplicationImpl pooled thread 196] INFO  com.browserstack.utils.Helpers - null
13:01:40.309 [ApplicationImpl pooled thread 196] INFO  c.b.l.BrowserStackRunExtension - Agent path: null
13:13:59.166 [ApplicationImpl pooled thread 212] INFO  c.b.l.BrowserStackRunExtension - testng
13:13:59.167 [ApplicationImpl pooled thread 212] INFO  com.browserstack.utils.Helpers - null
13:13:59.169 [ApplicationImpl pooled thread 212] INFO  c.b.l.BrowserStackRunExtension - Agent path: null
13:21:10.132 [ApplicationImpl pooled thread 236] INFO  c.b.l.BrowserStackRunExtension - testng
13:21:10.132 [ApplicationImpl pooled thread 236] INFO  com.browserstack.utils.Helpers - null
13:21:10.134 [ApplicationImpl pooled thread 236] INFO  c.b.l.BrowserStackRunExtension - Agent path: null
13:25:13.602 [ApplicationImpl pooled thread 245] INFO  c.b.l.BrowserStackRunExtension - testng
13:25:13.602 [ApplicationImpl pooled thread 245] INFO  com.browserstack.utils.Helpers - null
13:25:13.602 [ApplicationImpl pooled thread 245] INFO  c.b.l.BrowserStackRunExtension - Agent path: null
13:26:22.725 [ApplicationImpl pooled thread 247] INFO  c.b.l.BrowserStackRunExtension - testng
13:26:22.725 [ApplicationImpl pooled thread 247] INFO  com.browserstack.utils.Helpers - null
13:26:22.725 [ApplicationImpl pooled thread 247] INFO  c.b.l.BrowserStackRunExtension - Agent path: null
13:27:59.881 [ApplicationImpl pooled thread 252] INFO  c.b.l.BrowserStackRunExtension - testng
13:27:59.881 [ApplicationImpl pooled thread 252] INFO  com.browserstack.utils.Helpers - null
13:27:59.886 [ApplicationImpl pooled thread 252] INFO  c.b.l.BrowserStackRunExtension - Agent path: null
16:54:57.280 [AWT-EventQueue-0] INFO  c.b.actions.EnableBrowserStack - Setting enable browserstack run update
16:54:57.298 [AWT-EventQueue-0] INFO  c.b.actions.DisableBrowserStack - Setting disable browserstack run update
16:55:16.467 [AWT-EventQueue-0] INFO  c.b.actions.EnableBrowserStack - Setting enable browserstack run update
16:55:16.480 [AWT-EventQueue-0] INFO  c.b.actions.DisableBrowserStack - Setting disable browserstack run update
16:55:17.786 [AWT-EventQueue-0] INFO  c.b.actions.EnableBrowserStack - Setting enable browserstack run update
16:55:17.797 [AWT-EventQueue-0] INFO  c.b.actions.DisableBrowserStack - Setting disable browserstack run update
16:55:28.367 [AWT-EventQueue-0] INFO  c.b.actions.EnableBrowserStack - Setting enable browserstack run update
16:55:28.380 [AWT-EventQueue-0] INFO  c.b.actions.DisableBrowserStack - Setting disable browserstack run update
16:57:47.129 [AWT-EventQueue-0] INFO  c.b.launchers.LaunchMavenCommand - Integrate source: testng:appium-intellij:v1.1.4
16:57:47.129 [AWT-EventQueue-0] INFO  c.b.launchers.LaunchMavenCommand - Executing maven archetype command - browserstack-sdk-archetype-integrate
16:57:47.327 [ApplicationImpl pooled thread 24] INFO  c.b.l.BrowserStackRunExtension - maven
16:57:47.328 [ApplicationImpl pooled thread 24] INFO  com.browserstack.utils.Helpers - null
16:58:05.330 [java.exe] INFO  c.b.launchers.LaunchMavenCommand - Completed maven archetype command
13:02:29.148 [ApplicationImpl pooled thread 238] INFO  c.b.l.BrowserStackRunExtension - testng
13:02:29.149 [ApplicationImpl pooled thread 238] INFO  com.browserstack.utils.Helpers - true
13:02:29.150 [ApplicationImpl pooled thread 238] INFO  com.browserstack.utils.Helpers - C:/Users/User/.m2/repository/com/browserstack/browserstack-java-sdk/1.23.2/browserstack-java-sdk-1.23.2.jar
13:02:29.150 [ApplicationImpl pooled thread 238] INFO  c.b.l.BrowserStackRunExtension - Agent path: C:/Users/User/.m2/repository/com/browserstack/browserstack-java-sdk/1.23.2/browserstack-java-sdk-1.23.2.jar
13:02:29.150 [ApplicationImpl pooled thread 238] INFO  c.b.l.BrowserStackRunExtension - Plugin version: v1.1.4
14:53:05.159 [ApplicationImpl pooled thread 46] INFO  c.b.l.BrowserStackRunExtension - testng
14:53:05.163 [ApplicationImpl pooled thread 46] INFO  com.browserstack.utils.Helpers - true
14:53:05.163 [ApplicationImpl pooled thread 46] INFO  com.browserstack.utils.Helpers - C:/Users/User/.m2/repository/com/browserstack/browserstack-java-sdk/1.23.2/browserstack-java-sdk-1.23.2.jar
14:53:05.163 [ApplicationImpl pooled thread 46] INFO  c.b.l.BrowserStackRunExtension - Agent path: C:/Users/User/.m2/repository/com/browserstack/browserstack-java-sdk/1.23.2/browserstack-java-sdk-1.23.2.jar
14:53:05.163 [ApplicationImpl pooled thread 46] INFO  c.b.l.BrowserStackRunExtension - Plugin version: v1.1.4
15:38:18.729 [ApplicationImpl pooled thread 80] INFO  c.b.l.BrowserStackRunExtension - testng
15:38:18.729 [ApplicationImpl pooled thread 80] INFO  com.browserstack.utils.Helpers - true
15:38:18.729 [ApplicationImpl pooled thread 80] INFO  com.browserstack.utils.Helpers - C:/Users/User/.m2/repository/com/browserstack/browserstack-java-sdk/1.23.2/browserstack-java-sdk-1.23.2.jar
15:38:18.729 [ApplicationImpl pooled thread 80] INFO  c.b.l.BrowserStackRunExtension - Agent path: C:/Users/User/.m2/repository/com/browserstack/browserstack-java-sdk/1.23.2/browserstack-java-sdk-1.23.2.jar
15:38:18.729 [ApplicationImpl pooled thread 80] INFO  c.b.l.BrowserStackRunExtension - Plugin version: v1.1.4
15:57:08.279 [ApplicationImpl pooled thread 110] INFO  c.b.l.BrowserStackRunExtension - testng
15:57:08.279 [ApplicationImpl pooled thread 110] INFO  com.browserstack.utils.Helpers - true
15:57:08.279 [ApplicationImpl pooled thread 110] INFO  com.browserstack.utils.Helpers - C:/Users/User/.m2/repository/com/browserstack/browserstack-java-sdk/1.23.2/browserstack-java-sdk-1.23.2.jar
15:57:08.279 [ApplicationImpl pooled thread 110] INFO  c.b.l.BrowserStackRunExtension - Agent path: C:/Users/User/.m2/repository/com/browserstack/browserstack-java-sdk/1.23.2/browserstack-java-sdk-1.23.2.jar
15:57:08.279 [ApplicationImpl pooled thread 110] INFO  c.b.l.BrowserStackRunExtension - Plugin version: v1.1.4
16:03:27.952 [ApplicationImpl pooled thread 123] INFO  c.b.l.BrowserStackRunExtension - testng
16:03:27.952 [ApplicationImpl pooled thread 123] INFO  com.browserstack.utils.Helpers - true
16:03:27.952 [ApplicationImpl pooled thread 123] INFO  com.browserstack.utils.Helpers - C:/Users/User/.m2/repository/com/browserstack/browserstack-java-sdk/1.23.2/browserstack-java-sdk-1.23.2.jar
16:03:27.952 [ApplicationImpl pooled thread 123] INFO  c.b.l.BrowserStackRunExtension - Agent path: C:/Users/User/.m2/repository/com/browserstack/browserstack-java-sdk/1.23.2/browserstack-java-sdk-1.23.2.jar
16:03:27.952 [ApplicationImpl pooled thread 123] INFO  c.b.l.BrowserStackRunExtension - Plugin version: v1.1.4
16:06:11.122 [ApplicationImpl pooled thread 118] INFO  c.b.l.BrowserStackRunExtension - testng
16:06:11.122 [ApplicationImpl pooled thread 118] INFO  com.browserstack.utils.Helpers - true
16:06:11.126 [ApplicationImpl pooled thread 118] INFO  com.browserstack.utils.Helpers - C:/Users/User/.m2/repository/com/browserstack/browserstack-java-sdk/1.23.2/browserstack-java-sdk-1.23.2.jar
16:06:11.126 [ApplicationImpl pooled thread 118] INFO  c.b.l.BrowserStackRunExtension - Agent path: C:/Users/User/.m2/repository/com/browserstack/browserstack-java-sdk/1.23.2/browserstack-java-sdk-1.23.2.jar
16:06:11.126 [ApplicationImpl pooled thread 118] INFO  c.b.l.BrowserStackRunExtension - Plugin version: v1.1.4
16:11:06.335 [ApplicationImpl pooled thread 150] INFO  c.b.l.BrowserStackRunExtension - testng
16:11:06.335 [ApplicationImpl pooled thread 150] INFO  com.browserstack.utils.Helpers - true
16:11:06.336 [ApplicationImpl pooled thread 150] INFO  com.browserstack.utils.Helpers - C:/Users/User/.m2/repository/com/browserstack/browserstack-java-sdk/1.23.2/browserstack-java-sdk-1.23.2.jar
16:11:06.336 [ApplicationImpl pooled thread 150] INFO  c.b.l.BrowserStackRunExtension - Agent path: C:/Users/User/.m2/repository/com/browserstack/browserstack-java-sdk/1.23.2/browserstack-java-sdk-1.23.2.jar
16:11:06.336 [ApplicationImpl pooled thread 150] INFO  c.b.l.BrowserStackRunExtension - Plugin version: v1.1.4
16:15:47.617 [ApplicationImpl pooled thread 155] INFO  c.b.l.BrowserStackRunExtension - testng
16:15:47.617 [ApplicationImpl pooled thread 155] INFO  com.browserstack.utils.Helpers - true
16:15:47.617 [ApplicationImpl pooled thread 155] INFO  com.browserstack.utils.Helpers - C:/Users/User/.m2/repository/com/browserstack/browserstack-java-sdk/1.23.2/browserstack-java-sdk-1.23.2.jar
16:15:47.617 [ApplicationImpl pooled thread 155] INFO  c.b.l.BrowserStackRunExtension - Agent path: C:/Users/User/.m2/repository/com/browserstack/browserstack-java-sdk/1.23.2/browserstack-java-sdk-1.23.2.jar
16:15:47.617 [ApplicationImpl pooled thread 155] INFO  c.b.l.BrowserStackRunExtension - Plugin version: v1.1.4
16:21:39.926 [ApplicationImpl pooled thread 167] INFO  c.b.l.BrowserStackRunExtension - testng
16:21:39.930 [ApplicationImpl pooled thread 167] INFO  com.browserstack.utils.Helpers - true
16:21:39.930 [ApplicationImpl pooled thread 167] INFO  com.browserstack.utils.Helpers - C:/Users/User/.m2/repository/com/browserstack/browserstack-java-sdk/1.23.2/browserstack-java-sdk-1.23.2.jar
16:21:39.930 [ApplicationImpl pooled thread 167] INFO  c.b.l.BrowserStackRunExtension - Agent path: C:/Users/User/.m2/repository/com/browserstack/browserstack-java-sdk/1.23.2/browserstack-java-sdk-1.23.2.jar
16:21:39.930 [ApplicationImpl pooled thread 167] INFO  c.b.l.BrowserStackRunExtension - Plugin version: v1.1.4
10:24:48.998 [ApplicationImpl pooled thread 47] INFO  c.b.l.BrowserStackRunExtension - testng
10:24:48.998 [ApplicationImpl pooled thread 47] INFO  com.browserstack.utils.Helpers - true
10:24:49.014 [ApplicationImpl pooled thread 47] INFO  com.browserstack.utils.Helpers - C:/Users/User/.m2/repository/com/browserstack/browserstack-java-sdk/1.23.2/browserstack-java-sdk-1.23.2.jar
10:24:49.014 [ApplicationImpl pooled thread 47] INFO  c.b.l.BrowserStackRunExtension - Agent path: C:/Users/User/.m2/repository/com/browserstack/browserstack-java-sdk/1.23.2/browserstack-java-sdk-1.23.2.jar
10:24:49.014 [ApplicationImpl pooled thread 47] INFO  c.b.l.BrowserStackRunExtension - Plugin version: v1.1.4
10:30:24.202 [ApplicationImpl pooled thread 64] INFO  c.b.l.BrowserStackRunExtension - testng
10:30:24.202 [ApplicationImpl pooled thread 64] INFO  com.browserstack.utils.Helpers - true
10:30:24.202 [ApplicationImpl pooled thread 64] INFO  com.browserstack.utils.Helpers - C:/Users/User/.m2/repository/com/browserstack/browserstack-java-sdk/1.23.2/browserstack-java-sdk-1.23.2.jar
10:30:24.202 [ApplicationImpl pooled thread 64] INFO  c.b.l.BrowserStackRunExtension - Agent path: C:/Users/User/.m2/repository/com/browserstack/browserstack-java-sdk/1.23.2/browserstack-java-sdk-1.23.2.jar
10:30:24.202 [ApplicationImpl pooled thread 64] INFO  c.b.l.BrowserStackRunExtension - Plugin version: v1.1.4
